  [1m[35m (904.8ms)[0m  [1m[35mCREATE DATABASE "tunr_backend_development" ENCODING = 'unicode'[0m
  ↳ config/boot.rb:4:in `load'
  [1m[35m (549.2ms)[0m  [1m[35mCREATE DATABASE "tunr_backend_test" ENCODING = 'unicode'[0m
  ↳ config/boot.rb:4:in `load'
  [1m[35m (109.3ms)[0m  [1m[35mCREATE TABLE "schema_migrations" ("version" character varying NOT NULL PRIMARY KEY)[0m
  ↳ config/boot.rb:4:in `load'
  [1m[35m (12.2ms)[0m  [1m[35mCREATE TABLE "ar_internal_metadata" ("key" character varying NOT NULL PRIMARY KEY, "value" character varying, "created_at" timestamp(6) NOT NULL, "updated_at" timestamp(6) NOT NULL)[0m
  ↳ config/boot.rb:4:in `load'
  [1m[35m (0.5ms)[0m  [1m[34mSELECT pg_try_advisory_lock(2939230117333845510)[0m
  ↳ config/boot.rb:4:in `load'
  [1m[35m (1.2ms)[0m  [1m[34mSELECT "schema_migrations"."version" FROM "schema_migrations" ORDER BY "schema_migrations"."version" ASC[0m
  ↳ config/boot.rb:4:in `load'
Migrating to CreateSongs (20201117005935)
  [1m[36mTRANSACTION (18.7ms)[0m  [1m[35mBEGIN[0m
  ↳ config/boot.rb:4:in `load'
  [1m[35m (15.9ms)[0m  [1m[35mCREATE TABLE "songs" ("id" bigserial primary key, "title" character varying, "artist" character varying, "time" character varying, "favorite" boolean, "created_at" timestamp(6) NOT NULL, "updated_at" timestamp(6) NOT NULL)[0m
  ↳ config/boot.rb:4:in `load'
  [1m[36mActiveRecord::SchemaMigration Create (25.7ms)[0m  [1m[32mINSERT INTO "schema_migrations" ("version") VALUES ($1) RETURNING "version"[0m  [["version", "20201117005935"]]
  ↳ config/boot.rb:4:in `load'
  [1m[36mTRANSACTION (0.7ms)[0m  [1m[35mCOMMIT[0m
  ↳ config/boot.rb:4:in `load'
  [1m[36mActiveRecord::InternalMetadata Load (0.6ms)[0m  [1m[34mSELECT "ar_internal_metadata".* FROM "ar_internal_metadata" WHERE "ar_internal_metadata"."key" = $1 LIMIT $2[0m  [["key", "environment"], ["LIMIT", 1]]
  ↳ config/boot.rb:4:in `load'
  [1m[36mTRANSACTION (24.9ms)[0m  [1m[35mBEGIN[0m
  ↳ config/boot.rb:4:in `load'
  [1m[36mActiveRecord::InternalMetadata Create (2.1ms)[0m  [1m[32mINSERT INTO "ar_internal_metadata" ("key", "value", "created_at", "updated_at") VALUES ($1, $2, $3, $4) RETURNING "key"[0m  [["key", "environment"], ["value", "development"], ["created_at", "2020-11-17 01:00:09.965984"], ["updated_at", "2020-11-17 01:00:09.965984"]]
  ↳ config/boot.rb:4:in `load'
  [1m[36mTRANSACTION (1.0ms)[0m  [1m[35mCOMMIT[0m
  ↳ config/boot.rb:4:in `load'
  [1m[35m (3.0ms)[0m  [1m[34mSELECT pg_advisory_unlock(2939230117333845510)[0m
  ↳ config/boot.rb:4:in `load'
  [1m[35m (1.4ms)[0m  [1m[34mSELECT "schema_migrations"."version" FROM "schema_migrations" ORDER BY "schema_migrations"."version" ASC[0m
  ↳ config/boot.rb:4:in `load'
